1595252922445	mozrunner::runner	INFO	Running command: "C:\\Program Files (x86)\\Mozilla Firefox\\firefox.exe" "-marionette" "-foreground" "-no-remote" "-profile" "C:\\Users\\NP300E5V\\AppData\\Local\\Temp\\rust_mozprofilejjY6Nn"
JavaScript error: resource://gre/modules/XULStore.jsm, line 66: Error: Can't find profile directory.
1595252957105	Marionette	INFO	Listening on port 54387
1595252957468	Marionette	WARN	TLS certificate errors will be ignored for this session
[Parent 6448, Gecko_IOThread] WARNING: file /builds/worker/checkouts/gecko/ipc/chromium/src/base/process_util_win.cc, line 166
1595253002229	Marionette	INFO	Stopped listening on port 54387

###!!! [Child][RunMessage] Error: Channel closing: too late to send/recv, messages will be lost

1595253229753	mozrunner::runner	INFO	Running command: "C:\\Program Files (x86)\\Mozilla Firefox\\firefox.exe" "-marionette" "-foreground" "-no-remote" "-profile" "C:\\Users\\NP300E5V\\AppData\\Local\\Temp\\rust_mozprofilenYLtvO"
JavaScript error: resource://gre/modules/XULStore.jsm, line 66: Error: Can't find profile directory.
1595253235896	Marionette	INFO	Listening on port 54497
1595253236027	Marionette	WARN	TLS certificate errors will be ignored for this session
1595253243499	Marionette	INFO	Stopped listening on port 54497

###!!! [Child][RunMessage] Error: Channel closing: too late to send/recv, messages will be lost

1595253355782	mozrunner::runner	INFO	Running command: "C:\\Program Files (x86)\\Mozilla Firefox\\firefox.exe" "-marionette" "-foreground" "-no-remote" "-profile" "C:\\Users\\NP300E5V\\AppData\\Local\\Temp\\rust_mozprofile6aXVTn"
JavaScript error: resource://gre/modules/XULStore.jsm, line 66: Error: Can't find profile directory.
1595253362591	Marionette	INFO	Listening on port 54572
1595253362707	Marionette	WARN	TLS certificate errors will be ignored for this session
[Parent 3484, Gecko_IOThread] WARNING: file /builds/worker/checkouts/gecko/ipc/chromium/src/base/process_util_win.cc, line 166
1595253403170	Marionette	INFO	Stopped listening on port 54572

###!!! [Child][RunMessage] Error: Channel closing: too late to send/recv, messages will be lost

1595253405366	mozrunner::runner	INFO	Running command: "C:\\Program Files (x86)\\Mozilla Firefox\\firefox.exe" "-marionette" "-foreground" "-no-remote" "-profile" "C:\\Users\\NP300E5V\\AppData\\Local\\Temp\\rust_mozprofile2GuRYG"
JavaScript error: resource://gre/modules/XULStore.jsm, line 66: Error: Can't find profile directory.
1595253411966	Marionette	INFO	Listening on port 54636
1595253412212	Marionette	WARN	TLS certificate errors will be ignored for this session
1595253418620	Marionette	INFO	Stopped listening on port 54636

###!!! [Child][RunMessage] Error: Channel closing: too late to send/recv, messages will be lost


###!!! [Child][MessageChannel::SendAndWait] Error: Channel error: cannot send/recv

1595254903609	mozrunner::runner	INFO	Running command: "C:\\Program Files (x86)\\Mozilla Firefox\\firefox.exe" "-marionette" "-foreground" "-no-remote" "-profile" "C:\\Users\\NP300E5V\\AppData\\Local\\Temp\\rust_mozprofiletGykH4"
JavaScript error: resource://gre/modules/XULStore.jsm, line 66: Error: Can't find profile directory.
1595254933731	Marionette	INFO	Listening on port 55074
1595254933759	Marionette	WARN	TLS certificate errors will be ignored for this session
JavaScript warning: https://static.olx.ua/static/olxua/packed/swd6ed5d3585e0e7eed6f3179d5d481d52.js, line 168: WebGL context was lost.
JavaScript warning: https://static.olx.ua/static/olxua/packed/swc4980378e2eeb56c87f8f992492eda44.js, line 854: unreachable code after return statement
1595255242120	Marionette	INFO	Stopped listening on port 55074
rofilelu93JW"
JavaScript error: resource://gre/modules/XULStore.jsm, line 66: Error: Can't find profile directory.
1595255111049	Marionette	INFO	Listening on port 55237
1595255111611	Marionette	WARN	TLS certificate errors will be ignored for this session
JavaScript warning: https://static.olx.ua/static/olxua/packed/swd6ed5d3585e0e7eed6f3179d5d481d52.js, line 168: WebGL context was lost.
1595255261754	Marionette	INFO	Stopped listening on port 55237

###!!! [Child][RunMessage] Error: Channel closing: too late to send/recv, messages will be lost


###!!! [Child][MessageChannel::SendAndWait] Error: Channel error: cannot send/recv

1595255699155	mozrunner::runner	INFO	Running command: "C:\\Program Files (x86)\\Mozilla Firefox\\firefox.exe" "-marionette" "-foreground" "-no-remote" "-profile" "C:\\Users\\NP300E5V\\AppData\\Local\\Temp\\rust_mozprofile7MBH9y"
JavaScript error: resource://gre/modules/XULStore.jsm, line 66: Error: Can't find profile directory.
1595255706930	Marionette	INFO	Listening on port 55561
1595255707328	Marionette	WARN	TLS certificate errors will be ignored for this session
JavaScript warning: https://static.olx.ua/static/olxua/packed/swd6ed5d3585e0e7eed6f3179d5d481d52.js, line 168: WebGL context was lost.
JavaScript warning: https://static.olx.ua/static/olxua/packed/swc4980378e2eeb56c87f8f992492eda44.js, line 854: unreachable code after return statement
console.error: "Store does not have a valid reducer. Make sure the argument passed to combineReducers is an object whose values are reducers."
JavaScript error: resource://gre/actors/AutoCompleteChild.jsm, line 208: Error: Invalid autocomplete selectedIndex
console.error: services.settings: 
  Message: TypeError: NetworkError when attempting to fetch resource.
console.error: services.settings: 
  Message: NetworkOfflineError: Network is offline
  Stack:
    NetworkOfflineError@resource://services-settings/RemoteSettingsClient.jsm:124:5
maybeSync@resource://services-settings/RemoteSettingsClient.jsm:466:15
remoteSettingsFunction/remoteSettings.pollChanges@resource://services-settings/remote-settings.js:310:22

console.error: services.settings: 
  Message: NetworkOfflineError: Network is offline
  Stack:
    NetworkOfflineError@resource://services-settings/RemoteSettingsClient.jsm:124:5
maybeSync@resource://services-settings/RemoteSettingsClient.jsm:466:15
remoteSettingsFunction/remoteSettings.pollChanges@resource://services-settings/remote-settings.js:310:22

console.error: services.settings: 
  Message: NetworkOfflineError: Network is offline
  Stack:
    NetworkOfflineError@resource://services-settings/RemoteSettingsClient.jsm:124:5
maybeSync@resource://services-settings/RemoteSettingsClient.jsm:466:15
remoteSettingsFunction/remoteSettings.pollChanges@resource://services-settings/remote-settings.js:310:22

console.error: services.settings: 
  Message: NetworkOfflineError: Network is offline
  Stack:
    NetworkOfflineError@resource://services-settings/RemoteSettingsClient.jsm:124:5
maybeSync@resource://services-settings/RemoteSettingsClient.jsm:466:15
remoteSettingsFunction/remoteSettings.pollChanges@resource://services-settings/remote-settings.js:310:22

console.error: services.settings: 
  Message: NetworkOfflineError: Network is offline
  Stack:
    NetworkOfflineError@resource://services-settings/RemoteSettingsClient.jsm:124:5
maybeSync@resource://services-settings/RemoteSettingsClient.jsm:466:15
remoteSettingsFunction/remoteSettings.pollChanges@resource://services-settings/remote-settings.js:310:22

JavaScript error: , line 0: uncaught exception: Timeout
JavaScript error: resource:///modules/sessionstore/SessionStore.jsm, line 2234: TypeError: subject.QueryInterface is not a function
[Parent 952, Gecko_IOThread] WARNING: pipe error: 232: file /builds/worker/checkouts/gecko/ipc/chromium/src/chrome/common/ipc_channel_win.cc, line 522
JavaScript error: resource:///modules/sessionstore/SessionStore.jsm, line 2234: TypeError: subject.QueryInterface is not a function
JavaScript error: resource:///modules/sessionstore/SessionStore.jsm, line 2234: TypeError: subject.QueryInterface is not a function
JavaScript error: resource:///modules/sessionstore/SessionStore.jsm, line 2234: TypeError: subject.QueryInterface is not a function
A content process crashed and MOZ_CRASHREPORTER_SHUTDOWN is set, shutting down
JavaScript error: resource:///modules/sessionstore/SessionStore.jsm, line 2234: TypeError: subject.QueryInterface is not a function
A content process crashed and MOZ_CRASHREPORTER_SHUTDOWN is set, shutting down
[Parent 952, Gecko_IOThread] WARNING: file /builds/worker/checkouts/gecko/ipc/chromium/src/base/process_util_win.cc, line 166
1595274037459	mozrunner::runner	INFO	Running command: "C:\\Program Files (x86)\\Mozilla Firefox\\firefox.exe" "-marionette" "-foreground" "-no-remote" "-profile" "C:\\Users\\NP300E5V\\AppData\\Local\\Temp\\rust_mozprofileFnpYIb"
JavaScript error: resource://gre/modules/XULStore.jsm, line 66: Error: Can't find profile directory.
1595274060309	Marionette	INFO	Listening on port 57051
1595274060567	Marionette	WARN	TLS certificate errors will be ignored for this session
JavaScript warning: https://static.olx.ua/static/olxua/packed/swd6ed5d3585e0e7eed6f3179d5d481d52.js, line 168: WebGL context was lost.
JavaScript warning: https://static.olx.ua/static/olxua/packed/swc4980378e2eeb56c87f8f992492eda44.js, line 854: unreachable code after return statement
JavaScript error: resource:///actors/LightweightThemeChild.jsm, line 28: TypeError: this.docShell is null
[Parent 6448, Gecko_IOThread] WARNING: file /builds/worker/checkouts/gecko/ipc/chromium/src/base/process_util_win.cc, line 166

###!!! [Child][RunMessage] Error: Channel closing: too late to send/recv, messages will be lost


###!!! [Child][RunMessage] Error: Channel closing: too late to send/recv, messages will be lost

1595274162020	Marionette	INFO	Stopped listening on port 57051

###!!! [Child][RunMessage] Error: Channel closing: too late to send/recv, messages will be lost

1595274164715	mozrunner::runner	INFO	Running command: "C:\\Program Files (x86)\\Mozilla Firefox\\firefox.exe" "-marionette" "-foreground" "-no-remote" "-profile" "C:\\Users\\NP300E5V\\AppData\\Local\\Temp\\rust_mozprofilesLWki4"
JavaScript error: resource://gre/modules/XULStore.jsm, line 66: Error: Can't find profile directory.
1595274171453	Marionette	INFO	Listening on port 57243
1595274171530	Marionette	WARN	TLS certificate errors will be ignored for this session
JavaScript warning: https://static.olx.ua/static/olxua/packed/swd6ed5d3585e0e7eed6f3179d5d481d52.js, line 168: WebGL context was lost.
JavaScript warning: https://static.olx.ua/static/olxua/packed/swc4980378e2eeb56c87f8f992492eda44.js, line 854: unreachable code after return statement
JavaScript error: , line 0: uncaught exception: Timeout
JavaScript error: resource:///modules/sessionstore/SessionStore.jsm, line 2234: TypeError: subject.QueryInterface is not a function
A content process crashed and MOZ_CRASHREPORTER_SHUTDOWN is set, shutting down
JavaScript error: resource:///modules/sessionstore/SessionStore.jsm, line 2234: TypeError: subject.QueryInterface is not a function
JavaScript error: resource:///modules/sessionstore/SessionStore.jsm, line 2234: TypeError: subject.QueryInterface is not a function
JavaScript error: resource:///modules/sessionstore/SessionStore.jsm, line 2234: TypeError: subject.QueryInterface is not a function
A content process crashed and MOZ_CRASHREPORTER_SHUTDOWN is set, shutting down
[Parent 888, Gecko_IOThread] WARNING: file /builds/worker/checkouts/gecko/ipc/chromium/src/base/process_util_win.cc, line 166
console.error: (new Error("SessionFile is closed", "resource:///modules/sessionstore/SessionFile.jsm", 433))
1595347217699	Marionette	INFO	Stopped listening on port 57243
ram Files (x86)\\Mozilla Firefox\\firefox.exe" "-marionette" "-foreground" "-no-remote" "-profile" "C:\\Users\\NP300E5V\\AppData\\Local\\Temp\\rust_mozprofiletUVlqk"
[Parent 8240, Gecko_IOThread] WARNING: file /builds/worker/checkouts/gecko/ipc/chromium/src/base/process_util_win.cc, line 166
1595347272295	Marionette	INFO	Listening on port 59142
1595347272508	Marionette	WARN	TLS certificate errors will be ignored for this session
JavaScript warning: https://static.olx.ua/static/olxua/packed/swd6ed5d3585e0e7eed6f3179d5d481d52.js, line 168: WebGL context was lost.
JavaScript warning: https://static.olx.ua/static/olxua/packed/swc4980378e2eeb56c87f8f992492eda44.js, line 854: unreachable code after return statement
JavaScript error: , line 0: uncaught exception: Timeout
JavaScript error: resource:///modules/sessionstore/SessionStore.jsm, line 2234: TypeError: subject.QueryInterface is not a function
JavaScript error: resource:///modules/sessionstore/SessionStore.jsm, line 2234: TypeError: subject.QueryInterface is not a function
JavaScript error: resource:///modules/sessionstore/SessionStore.jsm, line 2234: TypeError: subject.QueryInterface is not a function
JavaScript error: resource:///modules/sessionstore/SessionStore.jsm, line 2234: TypeError: subject.QueryInterface is not a function
A content process crashed and MOZ_CRASHREPORTER_SHUTDOWN is set, shutting down
1595359560526	Marionette	INFO	Stopped listening on port 59142
1595359726374	mozrunner::runner	INFO	Running command: "C:\\Program Files (x86)\\Mozilla Firefox\\firefox.exe" "-marionette" "-foreground" "-no-remote" "-profile" "C:\\Users\\NP300E5V\\AppData\\Local\\Temp\\rust_mozprofileQBIS5L"
JavaScript error: resource://gre/modules/XULStore.jsm, line 66: Error: Can't find profile directory.
1595359757964	Marionette	INFO	Listening on port 60214
1595359760735	Marionette	WARN	TLS certificate errors will be ignored for this session
JavaScript warning: https://static.olx.ua/static/olxua/packed/swd6ed5d3585e0e7eed6f3179d5d481d52.js, line 168: WebGL context was lost.
JavaScript warning: https://static.olx.ua/static/olxua/packed/swc4980378e2eeb56c87f8f992492eda44.js, line 854: unreachable code after return statement
1595359955492	Marionette	INFO	Stopped listening on port 60214

###!!! [Child][RunMessage] Error: Channel closing: too late to send/recv, messages will be lost


###!!! [Child][MessageChannel::SendAndWait] Error: Channel error: cannot send/recv

rce://gre/modules/XULStore.jsm, line 66: Error: Can't find profile directory.
1595359842967	Marionette	INFO	Listening on port 60420
1595359843045	Marionette	WARN	TLS certificate errors will be ignored for this session
JavaScript warning: https://static.olx.ua/static/olxua/packed/swd6ed5d3585e0e7eed6f3179d5d481d52.js, line 168: WebGL context was lost.
JavaScript warning: https://static.olx.ua/static/olxua/packed/swc4980378e2eeb56c87f8f992492eda44.js, line 854: unreachable code after return statement
1595359951474	Marionette	INFO	Stopped listening on port 60420

###!!! [Child][RunMessage] Error: Channel closing: too late to send/recv, messages will be lost

